<?xml version="1.0" encoding="UTF-8"?>
<!-- Generated by org.testng.reporters.JUnitReportReporter -->
<testsuite skipped="2" hostname="AR-IT13429" name="Academy.HomePage" tests="3" failures="0" timestamp="2020-10-14T17:30:42 ART" time="2.862" errors="1">
  <testcase name="loginHomePage" time="0.000" classname="Academy.HomePage">
    <skipped/>
  </testcase> <!-- loginHomePage -->
  <system-out/>
  <testcase name="initialize" time="2.862" classname="Academy.HomePage">
    <error type="org.openqa.selenium.SessionNotCreatedException" message="session not created: This version of ChromeDriver only supports Chrome version 84
Build info: version: &#039;3.141.59&#039;, revision: &#039;e82be7d358&#039;, time: &#039;2018-11-14T08:17:03&#039;
System info: host: &#039;AR-IT13429&#039;, ip: &#039;172.31.48.1&#039;, os.name: &#039;Windows 10&#039;, os.arch: &#039;amd64&#039;, os.version: &#039;10.0&#039;, java.version: &#039;1.8.0_261&#039;
Driver info: driver.version: ChromeDriver
remote stacktrace: Backtrace:
	Ordinal0 [0x012187E3+2852835]
	Ordinal0 [0x01105BB1+1727409]
	Ordinal0 [0x00FDE4B9+517305]
	Ordinal0 [0x00F70BA0+68512]
	Ordinal0 [0x00F6D3A0+54176]
	Ordinal0 [0x00F8D9F7+186871]
	Ordinal0 [0x00F8D7FD+186365]
	Ordinal0 [0x00F8B70B+177931]
	Ordinal0 [0x00F72584+75140]
	Ordinal0 [0x00F73650+79440]
	Ordinal0 [0x00F735E9+79337]
	Ordinal0 [0x0111AD5C+1813852]
	GetHandleVerifier [0x0133C616+1075574]
	GetHandleVerifier [0x0133C367+1074887]
	GetHandleVerifier [0x01347497+1120247]
	GetHandleVerifier [0x0133CC16+1077110]
	Ordinal0 [0x01113206+1782278]
	Ordinal0 [0x0111C3BB+1819579]
	Ordinal0 [0x0111C523+1819939]
	Ordinal0 [0x01132B45+1911621]
	BaseThreadInitThunk [0x7789F989+25]
	RtlGetAppContainerNamedObjectPath [0x77BF74B4+228]
	RtlGetAppContainerNamedObjectPath [0x77BF7484+180]
">
      <![CDATA[org.openqa.selenium.SessionNotCreatedException: session not created: This version of ChromeDriver only supports Chrome version 84
Build info: version: '3.141.59', revision: 'e82be7d358', time: '2018-11-14T08:17:03'
System info: host: 'AR-IT13429', ip: '172.31.48.1', os.name: 'Windows 10', os.arch: 'amd64', os.version: '10.0', java.version: '1.8.0_261'
Driver info: driver.version: ChromeDriver
remote stacktrace: Backtrace:
Ordinal0 [0x012187E3+2852835]
Ordinal0 [0x01105BB1+1727409]
Ordinal0 [0x00FDE4B9+517305]
Ordinal0 [0x00F70BA0+68512]
Ordinal0 [0x00F6D3A0+54176]
Ordinal0 [0x00F8D9F7+186871]
Ordinal0 [0x00F8D7FD+186365]
Ordinal0 [0x00F8B70B+177931]
Ordinal0 [0x00F72584+75140]
Ordinal0 [0x00F73650+79440]
Ordinal0 [0x00F735E9+79337]
Ordinal0 [0x0111AD5C+1813852]
GetHandleVerifier [0x0133C616+1075574]
GetHandleVerifier [0x0133C367+1074887]
GetHandleVerifier [0x01347497+1120247]
GetHandleVerifier [0x0133CC16+1077110]
Ordinal0 [0x01113206+1782278]
Ordinal0 [0x0111C3BB+1819579]
Ordinal0 [0x0111C523+1819939]
Ordinal0 [0x01132B45+1911621]
BaseThreadInitThunk [0x7789F989+25]
RtlGetAppContainerNamedObjectPath [0x77BF74B4+228]
RtlGetAppContainerNamedObjectPath [0x77BF7484+180]

at sun.reflect.NativeConstructorAccessorImpl.newInstance0(Native Method)
at sun.reflect.NativeConstructorAccessorImpl.newInstance(Unknown Source)
at sun.reflect.DelegatingConstructorAccessorImpl.newInstance(Unknown Source)
at java.lang.reflect.Constructor.newInstance(Unknown Source)
at org.openqa.selenium.remote.W3CHandshakeResponse.lambda$errorHandler$0(W3CHandshakeResponse.java:62)
at org.openqa.selenium.remote.HandshakeResponse.lambda$getResponseFunction$0(HandshakeResponse.java:30)
at org.openqa.selenium.remote.ProtocolHandshake.lambda$createSession$0(ProtocolHandshake.java:126)
at java.util.stream.ReferencePipeline$3$1.accept(Unknown Source)
at java.util.Spliterators$ArraySpliterator.tryAdvance(Unknown Source)
at java.util.stream.ReferencePipeline.forEachWithCancel(Unknown Source)
at java.util.stream.AbstractPipeline.copyIntoWithCancel(Unknown Source)
at java.util.stream.AbstractPipeline.copyInto(Unknown Source)
at java.util.stream.AbstractPipeline.wrapAndCopyInto(Unknown Source)
at java.util.stream.FindOps$FindOp.evaluateSequential(Unknown Source)
at java.util.stream.AbstractPipeline.evaluate(Unknown Source)
at java.util.stream.ReferencePipeline.findFirst(Unknown Source)
at org.openqa.selenium.remote.ProtocolHandshake.createSession(ProtocolHandshake.java:128)
at org.openqa.selenium.remote.ProtocolHandshake.createSession(ProtocolHandshake.java:74)
at org.openqa.selenium.remote.HttpCommandExecutor.execute(HttpCommandExecutor.java:136)
at org.openqa.selenium.remote.service.DriverCommandExecutor.execute(DriverCommandExecutor.java:83)
at org.openqa.selenium.remote.RemoteWebDriver.execute(RemoteWebDriver.java:552)
at org.openqa.selenium.remote.RemoteWebDriver.startSession(RemoteWebDriver.java:213)
at org.openqa.selenium.remote.RemoteWebDriver.<init>(RemoteWebDriver.java:131)
at org.openqa.selenium.chrome.ChromeDriver.<init>(ChromeDriver.java:181)
at org.openqa.selenium.chrome.ChromeDriver.<init>(ChromeDriver.java:168)
at org.openqa.selenium.chrome.ChromeDriver.<init>(ChromeDriver.java:157)
at resources.base.initializeDriver(base.java:48)
at Academy.HomePage.initialize(HomePage.java:23)
at sun.reflect.NativeMethodAccessorImpl.invoke0(Native Method)
at sun.reflect.NativeMethodAccessorImpl.invoke(Unknown Source)
at sun.reflect.DelegatingMethodAccessorImpl.invoke(Unknown Source)
at java.lang.reflect.Method.invoke(Unknown Source)
at org.testng.internal.MethodInvocationHelper.invokeMethod(MethodInvocationHelper.java:132)
at org.testng.internal.MethodInvocationHelper.invokeMethodConsideringTimeout(MethodInvocationHelper.java:61)
at org.testng.internal.ConfigInvoker.invokeConfigurationMethod(ConfigInvoker.java:366)
at org.testng.internal.ConfigInvoker.invokeConfigurations(ConfigInvoker.java:320)
at org.testng.TestRunner.invokeTestConfigurations(TestRunner.java:617)
at org.testng.TestRunner.beforeRun(TestRunner.java:607)
at org.testng.TestRunner.run(TestRunner.java:578)
at org.testng.SuiteRunner.runTest(SuiteRunner.java:384)
at org.testng.SuiteRunner.runSequentially(SuiteRunner.java:378)
at org.testng.SuiteRunner.privateRun(SuiteRunner.java:337)
at org.testng.SuiteRunner.run(SuiteRunner.java:286)
at org.testng.SuiteRunnerWorker.runSuite(SuiteRunnerWorker.java:53)
at org.testng.SuiteRunnerWorker.run(SuiteRunnerWorker.java:96)
at org.testng.TestNG.runSuitesSequentially(TestNG.java:1218)
at org.testng.TestNG.runSuitesLocally(TestNG.java:1140)
at org.testng.TestNG.runSuites(TestNG.java:1069)
at org.testng.TestNG.run(TestNG.java:1037)
at org.testng.remote.AbstractRemoteTestNG.run(AbstractRemoteTestNG.java:115)
at org.testng.remote.RemoteTestNG.initAndRun(RemoteTestNG.java:251)
at org.testng.remote.RemoteTestNG.main(RemoteTestNG.java:77)
]]>
    </error>
  </testcase> <!-- initialize -->
  <system-out/>
  <testcase name="loginHomePage" time="0.000" classname="Academy.HomePage">
    <skipped/>
  </testcase> <!-- loginHomePage -->
  <system-out/>
</testsuite> <!-- Academy.HomePage -->
